2025-03-26 15:02:52 [restartedMain] INFO  com.safer.RH.RhApplication - Starting RhApplication using Java 20.0.1 with PID 6840 (C:\Users\AGODA Marina\Documents\IPNET INSTITUTE OF TECHNOLOGY\STAGE\SAFER\RH\target\classes started by AGODA Marina in C:\Users\AGODA Marina\Documents\IPNET INSTITUTE OF TECHNOLOGY\STAGE\SAFER\RH)
2025-03-26 15:02:52 [restartedMain] INFO  com.safer.RH.RhApplication - No active profile set, falling back to 1 default profile: "default"
2025-03-26 15:02:52 [restartedMain] INFO  o.s.b.d.e.DevToolsPropertyDefaultsPostProcessor - Devtools property defaults active! Set 'spring.devtools.add-properties' to 'false' to disable
2025-03-26 15:02:52 [restartedMain] INFO  o.s.b.d.e.DevToolsPropertyDefaultsPostProcessor - For additional web related logging consider setting the 'logging.level.web' property to 'DEBUG'
2025-03-26 15:02:57 [restartedMain] INFO  o.s.d.r.c.RepositoryConfigurationDelegate - Bootstrapping Spring Data JPA repositories in DEFAULT mode.
2025-03-26 15:02:58 [restartedMain] INFO  o.s.d.r.c.RepositoryConfigurationDelegate - Finished Spring Data repository scanning in 340 ms. Found 15 JPA repository interfaces.
2025-03-26 15:03:00 [restartedMain] INFO  o.s.b.w.e.tomcat.TomcatWebServer - Tomcat initialized with port 8000 (http)
2025-03-26 15:03:00 [restartedMain] INFO  o.a.catalina.core.StandardService - Starting service [Tomcat]
2025-03-26 15:03:00 [restartedMain] INFO  o.a.catalina.core.StandardEngine - Starting Servlet engine: [Apache Tomcat/10.1.28]
2025-03-26 15:03:01 [restartedMain] INFO  o.a.c.c.C.[Tomcat].[localhost].[/] - Initializing Spring embedded WebApplicationContext
2025-03-26 15:03:01 [restartedMain] INFO  o.s.b.w.s.c.ServletWebServerApplicationContext - Root WebApplicationContext: initialization completed in 8124 ms
2025-03-26 15:03:01 [restartedMain] INFO  o.h.jpa.internal.util.LogHelper - HHH000204: Processing PersistenceUnitInfo [name: default]
2025-03-26 15:03:01 [restartedMain] INFO  org.hibernate.Version - HHH000412: Hibernate ORM core version 6.5.2.Final
2025-03-26 15:03:01 [restartedMain] INFO  o.h.c.i.RegionFactoryInitiator - HHH000026: Second-level cache disabled
2025-03-26 15:03:02 [restartedMain] INFO  o.s.o.j.p.SpringPersistenceUnitInfo - No LoadTimeWeaver setup: ignoring JPA class transformer
2025-03-26 15:03:03 [restartedMain] INFO  com.zaxxer.hikari.HikariDataSource - HikariPool-1 - Starting...
2025-03-26 15:03:04 [restartedMain] INFO  com.zaxxer.hikari.pool.HikariPool - HikariPool-1 - Added connection com.mysql.cj.jdbc.ConnectionImpl@b34e4a1
2025-03-26 15:03:04 [restartedMain] INFO  com.zaxxer.hikari.HikariDataSource - HikariPool-1 - Start completed.
2025-03-26 15:03:08 [restartedMain] INFO  o.h.m.i.EntityInstantiatorPojoStandard - HHH000182: No default (no-argument) constructor for class: com.safer.RH.models.Evenement (class must be instantiated by Interceptor)
2025-03-26 15:03:09 [restartedMain] INFO  o.h.e.t.j.p.i.JtaPlatformInitiator - HHH000489: No JTA platform available (set 'hibernate.transaction.jta.platform' to enable JTA platform integration)
2025-03-26 15:03:10 [restartedMain] INFO  o.s.o.j.LocalContainerEntityManagerFactoryBean - Initialized JPA EntityManagerFactory for persistence unit 'default'
2025-03-26 15:03:12 [restartedMain] DEBUG o.s.web.filter.CorsFilter - Filter 'corsFilter' configured for use
2025-03-26 15:03:13 [restartedMain] INFO  o.s.s.c.a.a.c.InitializeAuthenticationProviderBeanManagerConfigurer$InitializeAuthenticationProviderManagerConfigurer - Global AuthenticationManager configured with AuthenticationProvider bean with name authenticationProvider
2025-03-26 15:03:13 [restartedMain] WARN  o.s.s.c.a.a.c.InitializeUserDetailsBeanManagerConfigurer$InitializeUserDetailsManagerConfigurer - Global AuthenticationManager configured with an AuthenticationProvider bean. UserDetailsService beans will not be used for username/password login. Consider removing the AuthenticationProvider bean. Alternatively, consider using the UserDetailsService in a manually instantiated DaoAuthenticationProvider.
2025-03-26 15:03:13 [restartedMain] INFO  o.s.d.j.r.query.QueryEnhancerFactory - Hibernate is in classpath; If applicable, HQL parser will be used.
2025-03-26 15:03:21 [restartedMain] DEBUG o.s.w.s.s.s.WebSocketHandlerMapping - Patterns [/ws/**] in 'stompWebSocketHandlerMapping'
2025-03-26 15:03:21 [restartedMain] DEBUG o.s.w.s.m.m.a.RequestMappingHandlerMapping - 76 mappings in 'requestMappingHandlerMapping'
2025-03-26 15:03:22 [restartedMain] DEBUG o.s.w.s.h.SimpleUrlHandlerMapping - Patterns [/webjars/**, /**, /swagger-ui*/*swagger-initializer.js, /swagger-ui*/**] in 'resourceHandlerMapping'
2025-03-26 15:03:22 [restartedMain] DEBUG o.s.s.web.DefaultSecurityFilterChain - Will secure any request with filters: DisableEncodeUrlFilter, WebAsyncManagerIntegrationFilter, SecurityContextHolderFilter, HeaderWriterFilter, CorsFilter, LogoutFilter, JwtFilter, RequestCacheAwareFilter, SecurityContextHolderAwareRequestFilter, AnonymousAuthenticationFilter, SessionManagementFilter, ExceptionTranslationFilter, AuthorizationFilter
2025-03-26 15:03:22 [restartedMain] DEBUG o.s.w.s.m.WebSocketAnnotationMethodMessageHandler - 
	c.s.R.a.AuthenticationController:
	
2025-03-26 15:03:22 [restartedMain] DEBUG o.s.w.s.m.WebSocketAnnotationMethodMessageHandler - 
	c.s.R.c.AbsenceController:
	
2025-03-26 15:03:22 [restartedMain] DEBUG o.s.w.s.m.WebSocketAnnotationMethodMessageHandler - 
	c.s.R.c.CandidatureController:
	
2025-03-26 15:03:22 [restartedMain] DEBUG o.s.w.s.m.WebSocketAnnotationMethodMessageHandler - 
	c.s.R.c.ContratController:
	
2025-03-26 15:03:22 [restartedMain] DEBUG o.s.w.s.m.WebSocketAnnotationMethodMessageHandler - 
	c.s.R.c.CspController:
	
2025-03-26 15:03:22 [restartedMain] DEBUG o.s.w.s.m.WebSocketAnnotationMethodMessageHandler - 
	c.s.R.c.DepartController:
	
2025-03-26 15:03:22 [restartedMain] DEBUG o.s.w.s.m.WebSocketAnnotationMethodMessageHandler - 
	c.s.R.c.EmployeController:
	
2025-03-26 15:03:22 [restartedMain] DEBUG o.s.w.s.m.WebSocketAnnotationMethodMessageHandler - 
	c.s.R.c.PosteController:
	
2025-03-26 15:03:22 [restartedMain] DEBUG o.s.w.s.m.WebSocketAnnotationMethodMessageHandler - 
	c.s.R.c.ProfileController:
	
2025-03-26 15:03:22 [restartedMain] DEBUG o.s.w.s.m.WebSocketAnnotationMethodMessageHandler - 
	c.s.R.c.RecrutementController:
	
2025-03-26 15:03:22 [restartedMain] DEBUG o.s.w.s.m.WebSocketAnnotationMethodMessageHandler - 
	c.s.R.c.RecruteurController:
	
2025-03-26 15:03:22 [restartedMain] DEBUG o.s.w.s.m.WebSocketAnnotationMethodMessageHandler - 
	c.s.R.c.SecteurController:
	
2025-03-26 15:03:22 [restartedMain] DEBUG o.s.w.s.m.WebSocketAnnotationMethodMessageHandler - 
	c.s.R.c.StatController:
	
2025-03-26 15:03:22 [restartedMain] DEBUG o.s.w.s.m.WebSocketAnnotationMethodMessageHandler - 
	c.s.R.c.TodoController:
	
2025-03-26 15:03:22 [restartedMain] DEBUG o.s.w.s.m.WebSocketAnnotationMethodMessageHandler - 
	o.s.b.a.w.s.e.BasicErrorController:
	
2025-03-26 15:03:22 [restartedMain] DEBUG o.s.w.s.m.WebSocketAnnotationMethodMessageHandler - 
	o.s.w.a.OpenApiWebMvcResource:
	
2025-03-26 15:03:22 [restartedMain] DEBUG o.s.w.s.m.WebSocketAnnotationMethodMessageHandler - 
	o.s.w.u.SwaggerWelcomeWebMvc:
	
2025-03-26 15:03:22 [restartedMain] DEBUG o.s.w.s.m.WebSocketAnnotationMethodMessageHandler - 
	o.s.w.u.SwaggerConfigResource:
	
2025-03-26 15:03:22 [restartedMain] DEBUG o.s.w.s.m.m.a.RequestMappingHandlerAdapter - ControllerAdvice beans: 0 @ModelAttribute, 0 @InitBinder, 1 RequestBodyAdvice, 1 ResponseBodyAdvice
2025-03-26 15:03:23 [restartedMain] DEBUG o.s.w.s.m.m.a.ExceptionHandlerExceptionResolver - ControllerAdvice beans: 2 @ExceptionHandler, 1 ResponseBodyAdvice
2025-03-26 15:03:23 [restartedMain] INFO  o.s.b.d.a.OptionalLiveReloadServer - LiveReload server is running on port 35729
2025-03-26 15:03:23 [restartedMain] INFO  o.s.b.w.e.tomcat.TomcatWebServer - Tomcat started on port 8000 (http) with context path '/'
2025-03-26 15:03:23 [restartedMain] DEBUG org.springframework.web.SimpLogging - clientOutboundChannel added SubProtocolWebSocketHandler[StompSubProtocolHandler[v10.stomp, v11.stomp, v12.stomp]]
2025-03-26 15:03:23 [restartedMain] DEBUG org.springframework.web.SimpLogging - clientInboundChannel added WebSocketAnnotationMethodMessageHandler[prefixes=[/app/]]
2025-03-26 15:03:23 [restartedMain] INFO  o.s.m.s.b.SimpleBrokerMessageHandler - Starting...
2025-03-26 15:03:23 [restartedMain] DEBUG org.springframework.web.SimpLogging - clientInboundChannel added SimpleBrokerMessageHandler [org.springframework.messaging.simp.broker.DefaultSubscriptionRegistry@7d886016]
2025-03-26 15:03:23 [restartedMain] DEBUG org.springframework.web.SimpLogging - brokerChannel added SimpleBrokerMessageHandler [org.springframework.messaging.simp.broker.DefaultSubscriptionRegistry@7d886016]
2025-03-26 15:03:23 [restartedMain] INFO  o.s.m.s.b.SimpleBrokerMessageHandler - BrokerAvailabilityEvent[available=true, SimpleBrokerMessageHandler [org.springframework.messaging.simp.broker.DefaultSubscriptionRegistry@7d886016]]
2025-03-26 15:03:23 [restartedMain] INFO  o.s.m.s.b.SimpleBrokerMessageHandler - Started.
2025-03-26 15:03:23 [restartedMain] DEBUG org.springframework.web.SimpLogging - clientInboundChannel added UserDestinationMessageHandler[DefaultUserDestinationResolver[prefix=/user/]]
2025-03-26 15:03:23 [restartedMain] DEBUG org.springframework.web.SimpLogging - brokerChannel added UserDestinationMessageHandler[DefaultUserDestinationResolver[prefix=/user/]]
2025-03-26 15:03:23 [restartedMain] INFO  com.safer.RH.RhApplication - Started RhApplication in 32.436 seconds (process running for 43.129)
2025-03-26 15:04:23 [MessageBroker-1] INFO  o.s.w.s.c.WebSocketMessageBrokerStats - WebSocketSession[0 current WS(0)-HttpStream(0)-HttpPoll(0), 0 total, 0 closed abnormally (0 connect failure, 0 send limit, 0 transport error)], stompSubProtocol[processed CONNECT(0)-CONNECTED(0)-DISCONNECT(0)], stompBrokerRelay[null], inboundChannel[pool size = 0, active threads = 0, queued tasks = 0, completed tasks = 0], outboundChannel[pool size = 0, active threads = 0, queued tasks = 0, completed tasks = 0], sockJsScheduler[pool size = 4, active threads = 1, queued tasks = 4, completed tasks = 0]
2025-03-26 15:07:29 [http-nio-8000-exec-1] INFO  o.a.c.c.C.[Tomcat].[localhost].[/] - Initializing Spring DispatcherServlet 'dispatcherServlet'
2025-03-26 15:07:29 [http-nio-8000-exec-1] INFO  o.s.web.servlet.DispatcherServlet - Initializing Servlet 'dispatcherServlet'
2025-03-26 15:07:29 [http-nio-8000-exec-1] DEBUG o.s.web.servlet.DispatcherServlet - Detected StandardServletMultipartResolver
2025-03-26 15:07:29 [http-nio-8000-exec-1] DEBUG o.s.web.servlet.DispatcherServlet - Detected AcceptHeaderLocaleResolver
2025-03-26 15:07:29 [http-nio-8000-exec-1] DEBUG o.s.web.servlet.DispatcherServlet - Detected FixedThemeResolver
2025-03-26 15:07:29 [http-nio-8000-exec-1] DEBUG o.s.web.servlet.DispatcherServlet - Detected org.springframework.web.servlet.view.DefaultRequestToViewNameTranslator@59b1280e
2025-03-26 15:07:29 [http-nio-8000-exec-1] DEBUG o.s.web.servlet.DispatcherServlet - Detected org.springframework.web.servlet.support.SessionFlashMapManager@4d522649
2025-03-26 15:07:29 [http-nio-8000-exec-1] DEBUG o.s.web.servlet.DispatcherServlet - enableLoggingRequestDetails='false': request parameters and headers will be masked to prevent unsafe logging of potentially sensitive data
2025-03-26 15:07:29 [http-nio-8000-exec-1] INFO  o.s.web.servlet.DispatcherServlet - Completed initialization in 0 ms
2025-03-26 15:07:29 [http-nio-8000-exec-1] DEBUG o.s.security.web.FilterChainProxy - Securing GET /ws/info?t=1743001649319
2025-03-26 15:07:29 [http-nio-8000-exec-1] DEBUG o.s.s.w.a.AnonymousAuthenticationFilter - Set SecurityContextHolder to anonymous SecurityContext
2025-03-26 15:07:29 [http-nio-8000-exec-1] DEBUG o.s.security.web.FilterChainProxy - Secured GET /ws/info?t=1743001649319
2025-03-26 15:07:29 [http-nio-8000-exec-1] DEBUG o.s.web.servlet.DispatcherServlet - GET "/ws/info?t=1743001649319", parameters={masked}
2025-03-26 15:07:29 [http-nio-8000-exec-1] DEBUG o.s.w.s.s.s.WebSocketHandlerMapping - Mapped to org.springframework.web.socket.sockjs.support.SockJsHttpRequestHandler@47a75dcd
2025-03-26 15:07:29 [http-nio-8000-exec-1] DEBUG o.s.w.s.s.t.h.DefaultSockJsService - Processing transport request: GET http://localhost:8000/ws/info?t=1743001649319
2025-03-26 15:07:29 [http-nio-8000-exec-1] DEBUG o.s.web.servlet.DispatcherServlet - Completed 200 OK
2025-03-26 15:07:29 [http-nio-8000-exec-2] DEBUG o.s.security.web.FilterChainProxy - Securing GET /ws/594/hp2v2gok/websocket
2025-03-26 15:07:29 [http-nio-8000-exec-2] DEBUG o.s.s.w.a.AnonymousAuthenticationFilter - Set SecurityContextHolder to anonymous SecurityContext
2025-03-26 15:07:29 [http-nio-8000-exec-2] DEBUG o.s.security.web.FilterChainProxy - Secured GET /ws/594/hp2v2gok/websocket
2025-03-26 15:07:29 [http-nio-8000-exec-2] DEBUG o.s.web.servlet.DispatcherServlet - GET "/ws/594/hp2v2gok/websocket", parameters={}
2025-03-26 15:07:29 [http-nio-8000-exec-2] DEBUG o.s.w.s.s.s.WebSocketHandlerMapping - Mapped to org.springframework.web.socket.sockjs.support.SockJsHttpRequestHandler@47a75dcd
2025-03-26 15:07:29 [http-nio-8000-exec-2] DEBUG o.s.w.s.s.t.h.DefaultSockJsService - Processing transport request: GET http://localhost:8000/ws/594/hp2v2gok/websocket
2025-03-26 15:07:29 [http-nio-8000-exec-2] DEBUG o.s.web.servlet.DispatcherServlet - Completed 101 SWITCHING_PROTOCOLS
2025-03-26 15:07:29 [http-nio-8000-exec-2] DEBUG o.s.w.s.h.LoggingWebSocketHandlerDecorator - New WebSocketServerSockJsSession[id=hp2v2gok]
2025-03-26 15:07:29 [clientInboundChannel-2] DEBUG org.springframework.web.SimpLogging - Processing CONNECT session=hp2v2gok
2025-03-26 15:07:29 [clientInboundChannel-5] DEBUG org.springframework.web.SimpLogging - Processing SUBSCRIBE /topic/notifications id=sub-0 session=hp2v2gok
